[    0.000000] Initializing cgroup subsys cpuset
[    0.000000] Initializing cgroup subsys cpu
[    0.000000] Initializing cgroup subsys cpuacct
[    0.000000] Linux version 4.4.0-66-generic (buildd@lgw01-28) (gcc version 5.4.0 20160609 (Ubuntu 5.4.0-6ubuntu1~16.04.4) ) #87-Ubuntu SMP Fri Mar 3 15:29:05 UTC 2017 (Ubuntu 4.4.0-66.87-generic 4.4.44)
[    0.000000] Command line: BOOT_IMAGE=/boot/vmlinuz-4.4.0-66-generic root=LABEL=cloudimg-rootfs ro console=tty1 console=ttyS0
[    0.000000] KERNEL supported cpus:
[    0.000000]   Intel GenuineIntel
[    0.000000]   AMD AuthenticAMD
[    0.000000]   Centaur CentaurHauls
[    0.000000] x86/fpu: xstate_offset[2]:  576, xstate_sizes[2]:  256
[    0.000000] x86/fpu: Supporting XSAVE feature 0x01: 'x87 floating point registers'
[    0.000000] x86/fpu: Supporting XSAVE feature 0x02: 'SSE registers'
[    0.000000] x86/fpu: Supporting XSAVE feature 0x04: 'AVX registers'
[    0.000000] x86/fpu: Enabled xstate features 0x7, context size is 832 bytes, using 'standard' format.
[    0.000000] x86/fpu: Using 'lazy' FPU context switches.
[    0.000000] e820: BIOS-provided physical RAM map:
[    0.000000] BIOS-e820: [mem 0x0000000000000000-0x000000000009fbff] usable
[    0.000000] BIOS-e820: [mem 0x000000000009fc00-0x000000000009ffff] reserved
[    0.000000] BIOS-e820: [mem 0x00000000000f0000-0x00000000000fffff] reserved
[    0.000000] BIOS-e820: [mem 0x0000000000100000-0x000000003ffeffff] usable
[    0.000000] BIOS-e820: [mem 0x000000003fff0000-0x000000003fffffff] ACPI data
[    0.000000] BIOS-e820: [mem 0x00000000fec00000-0x00000000fec00fff] reserved
[    0.000000] BIOS-e820: [mem 0x00000000fee00000-0x00000000fee00fff] reserved
[    0.000000] BIOS-e820: [mem 0x00000000fffc0000-0x00000000ffffffff] reserved
[    0.000000] NX (Execute Disable) protection: active
[    0.000000] SMBIOS 2.5 present.
[    0.000000] Hypervisor detected: KVM
[    0.000000] e820: last_pfn = 0x3fff0 max_arch_pfn = 0x400000000
[    0.000000] MTRR: Disabled
[    0.000000] x86/PAT: MTRRs disabled, skipping PAT initialization too.
[    0.000000] x86/PAT: Configuration [0-7]: WB  WT  UC- UC  WB  WT  UC- UC  
[    0.000000] CPU MTRRs all blank - virtualized system.
[    0.000000] found SMP MP-table at [mem 0x0009fff0-0x0009ffff] mapped at [ffff88000009fff0]
[    0.000000] Scanning 1 areas for low memory corruption
[    0.000000] RAMDISK: [mem 0x36ad8000-0x37563fff]
[    0.000000] ACPI: Early table checksum verification disabled
[    0.000000] ACPI: RSDP 0x00000000000E0000 000024 (v02 VBOX  )
[    0.000000] ACPI: XSDT 0x000000003FFF0030 00003C (v01 VBOX   VBOXXSDT 00000001 ASL  00000061)
[    0.000000] ACPI: FACP 0x000000003FFF00F0 0000F4 (v04 VBOX   VBOXFACP 00000001 ASL  00000061)
[    0.000000] ACPI: DSDT 0x000000003FFF0470 00210F (v01 VBOX   VBOXBIOS 00000002 INTL 20100528)
[    0.000000] ACPI: FACS 0x000000003FFF0200 000040
[    0.000000] ACPI: FACS 0x000000003FFF0200 000040
[    0.000000] ACPI: APIC 0x000000003FFF0240 00005C (v02 VBOX   VBOXAPIC 00000001 ASL  00000061)
[    0.000000] ACPI: SSDT 0x000000003FFF02A0 0001CC (v01 VBOX   VBOXCPUT 00000002 INTL 20100528)
[    0.000000] No NUMA configuration found
[    0.000000] Faking a node at [mem 0x0000000000000000-0x000000003ffeffff]
[    0.000000] NODE_DATA(0) allocated [mem 0x3ffeb000-0x3ffeffff]
[    0.000000] kvm-clock: Using msrs 4b564d01 and 4b564d00
[    0.000000] kvm-clock: cpu 0, msr 0:3ffe3001, primary cpu clock
[    0.000000] kvm-clock: using sched offset of 3628543604 cycles
[    0.000000] clocksource: kvm-clock: mask: 0xffffffffffffffff max_cycles: 0x1cd42e4dffb, max_idle_ns: 881590591483 ns
[    0.000000] Zone ranges:
[    0.000000]   DMA      [mem 0x0000000000001000-0x0000000000ffffff]
[    0.000000]   DMA32    [mem 0x0000000001000000-0x000000003ffeffff]
[    0.000000]   Normal   empty
[    0.000000]   Device   empty
[    0.000000] Movable zone start for each node
[    0.000000] Early memory node ranges
[    0.000000]   node   0: [mem 0x0000000000001000-0x000000000009efff]
[    0.000000]   node   0: [mem 0x0000000000100000-0x000000003ffeffff]
[    0.000000] Initmem setup node 0 [mem 0x0000000000001000-0x000000003ffeffff]
[    0.000000] ACPI: PM-Timer IO Port: 0x4008
[    0.000000] IOAPIC[0]: apic_id 2, version 32, address 0xfec00000, GSI 0-23
[    0.000000] ACPI: INT_SRC_OVR (bus 0 bus_irq 0 global_irq 2 dfl dfl)
[    0.000000] ACPI: INT_SRC_OVR (bus 0 bus_irq 9 global_irq 9 high level)
[    0.000000] Using ACPI (MADT) for SMP configuration information
[    0.000000] smpboot: Allowing 2 CPUs, 0 hotplug CPUs
[    0.000000] PM: Registered nosave memory: [mem 0x00000000-0x00000fff]
[    0.000000] PM: Registered nosave memory: [mem 0x0009f000-0x0009ffff]
[    0.000000] PM: Registered nosave memory: [mem 0x000a0000-0x000effff]
[    0.000000] PM: Registered nosave memory: [mem 0x000f0000-0x000fffff]
[    0.000000] e820: [mem 0x40000000-0xfebfffff] available for PCI devices
[    0.000000] Booting paravirtualized kernel on KVM
[    0.000000] clocksource: refined-jiffies: mask: 0xffffffff max_cycles: 0xffffffff, max_idle_ns: 7645519600211568 ns
[    0.000000] setup_percpu: NR_CPUS:512 nr_cpumask_bits:512 nr_cpu_ids:2 nr_node_ids:1
[    0.000000] PERCPU: Embedded 33 pages/cpu @ffff88003fc00000 s98264 r8192 d28712 u1048576
[    0.000000] PV qspinlock hash table entries: 256 (order: 0, 4096 bytes)
[    0.000000] Built 1 zonelists in Node order, mobility grouping on.  Total pages: 257913
[    0.000000] Policy zone: DMA32
[    0.000000] Kernel command line: BOOT_IMAGE=/boot/vmlinuz-4.4.0-66-generic root=LABEL=cloudimg-rootfs ro console=tty1 console=ttyS0
[    0.000000] PID hash table entries: 4096 (order: 3, 32768 bytes)
[    0.000000] Memory: 1001776K/1048120K available (8452K kernel code, 1293K rwdata, 3980K rodata, 1488K init, 1316K bss, 46344K reserved, 0K cma-reserved)
[    0.000000] SLUB: HWalign=64, Order=0-3, MinObjects=0, CPUs=2, Nodes=1
[    0.000000] Hierarchical RCU implementation.
[    0.000000] 	Build-time adjustment of leaf fanout to 64.
[    0.000000] 	RCU restricting CPUs from NR_CPUS=512 to nr_cpu_ids=2.
[    0.000000] RCU: Adjusting geometry for rcu_fanout_leaf=64, nr_cpu_ids=2
[    0.000000] NR_IRQS:33024 nr_irqs:440 16
[    0.000000] Console: colour VGA+ 80x25
[    0.000000] console [tty1] enabled
[    0.000000] console [ttyS0] enabled
[    0.000000] tsc: Detected 1199.999 MHz processor
[    3.769730] Calibrating delay loop (skipped) preset value.. 2399.99 BogoMIPS (lpj=4799996)
[    3.812103] pid_max: default: 32768 minimum: 301
[    3.828534] ACPI: Core revision 20150930
[    3.830738] ACPI: 2 ACPI AML tables successfully acquired and loaded
[    3.832523] Security Framework initialized
[    3.838387] Yama: becoming mindful.
[    3.868924] AppArmor: AppArmor initialized
[    3.870158] Dentry cache hash table entries: 131072 (order: 8, 1048576 bytes)
[    3.884112] Inode-cache hash table entries: 65536 (order: 7, 524288 bytes)
[    3.929473] Mount-cache hash table entries: 2048 (order: 2, 16384 bytes)
[    3.967751] Mountpoint-cache hash table entries: 2048 (order: 2, 16384 bytes)
[    3.969704] Initializing cgroup subsys io
[    3.970833] Initializing cgroup subsys memory
[    3.972025] Initializing cgroup subsys devices
[    4.023517] Initializing cgroup subsys freezer
[    4.031803] Initializing cgroup subsys net_cls
[    4.033047] Initializing cgroup subsys perf_event
[    4.040367] Initializing cgroup subsys net_prio
[    4.041710] Initializing cgroup subsys hugetlb
[    4.046183] Initializing cgroup subsys pids
[    4.049678] CPU: Physical Processor ID: 0
[    4.097309] CPU: Processor Core ID: 0
[    4.149881] mce: CPU supports 0 MCE banks
[    4.163501] Last level iTLB entries: 4KB 64, 2MB 8, 4MB 8
[    4.164950] Last level dTLB entries: 4KB 64, 2MB 0, 4MB 0, 1GB 4
[    4.181221] Freeing SMP alternatives memory: 32K (ffffffff820b9000 - ffffffff820c1000)
[    4.249642] ftrace: allocating 32123 entries in 126 pages
[    4.315900] smpboot: APIC(0) Converting physical 0 to logical package 0
[    4.369500] smpboot: Max logical packages: 1
[    4.394053] x2apic enabled
[    4.429487] Switched APIC routing to physical x2apic.
[    4.432201] ..TIMER: vector=0x30 apic1=0 pin1=2 apic2=-1 pin2=-1
[    4.564790] smpboot: CPU0: Intel(R) Core(TM) m5-6Y54 CPU @ 1.10GHz (family: 0x6, model: 0x4e, stepping: 0x3)
[    4.597548] Performance Events: unsupported p6 CPU model 78 no PMU driver, software events only.
[    4.630200] KVM setup paravirtual spinlock
[    4.638560] x86: Booting SMP configuration:
[    4.681451] .... node  #0, CPUs:      #1
[    4.711588] kvm-clock: cpu 1, msr 0:3ffe3041, secondary cpu clock
[    4.716132] mce: CPU supports 0 MCE banks
[    4.730903] x86: Booted up 1 node, 2 CPUs
[    4.749364] smpboot: Total of 2 processors activated (4799.99 BogoMIPS)
[    4.751553] devtmpfs: initialized
[    4.785594] evm: security.selinux
[    4.786623] evm: security.SMACK64
[    4.805115] evm: security.SMACK64EXEC
[    4.822677] evm: security.SMACK64TRANSMUTE
[    4.853031] evm: security.SMACK64MMAP
[    4.868284] evm: security.ima
[    4.869249] evm: security.capability
[    4.870589] clocksource: jiffies: mask: 0xffffffff max_cycles: 0xffffffff, max_idle_ns: 7645041785100000 ns
[    4.903614] pinctrl core: initialized pinctrl subsystem
[    4.937826] RTC time:  2:47:04, date: 03/17/17
[    4.952510] NET: Registered protocol family 16
[    4.978365] cpuidle: using governor ladder
[    5.022464] cpuidle: using governor menu
[    5.066007] PCCT header not found.
[    5.091000] ACPI: bus type PCI registered
[    5.113107] acpiphp: ACPI Hot Plug PCI Controller Driver version: 0.5
[    5.170633] PCI: Using configuration type 1 for base access
[    5.191130] ACPI: Added _OSI(Module Device)
[    5.193788] ACPI: Added _OSI(Processor Device)
[    5.195724] ACPI: Added _OSI(3.0 _SCP Extensions)
[    5.198290] ACPI: Added _OSI(Processor Aggregator Device)
[    5.213861] ACPI: Executed 1 blocks of module-level executable AML code
[    5.227828] ACPI: Interpreter enabled
[    5.230116] ACPI: (supports S0 S5)
[    5.231158] ACPI: Using IOAPIC for interrupt routing
[    5.239866] PCI: Using host bridge windows from ACPI; if necessary, use "pci=nocrs" and report a bug
[    5.266429] ACPI: PCI Root Bridge [PCI0] (domain 0000 [bus 00-ff])
[    5.268273] acpi PNP0A03:00: _OSC: OS supports [ASPM ClockPM Segments MSI]
[    5.270585] acpi PNP0A03:00: _OSC failed (AE_NOT_FOUND); disabling ASPM
[    5.279796] acpi PNP0A03:00: fail to add MMCONFIG information, can't access extended PCI configuration space under this bridge.
[    5.347977] PCI host bridge to bus 0000:00
[    5.357477] pci_bus 0000:00: root bus resource [io  0x0000-0x0cf7 window]
[    5.366550] pci_bus 0000:00: root bus resource [io  0x0d00-0xffff window]
[    5.370671] pci_bus 0000:00: root bus resource [mem 0x000a0000-0x000bffff window]
[    5.380982] pci_bus 0000:00: root bus resource [mem 0x40000000-0xffdfffff window]
[    5.402491] pci_bus 0000:00: root bus resource [bus 00-ff]
[    5.412628] pci 0000:00:01.1: legacy IDE quirk: reg 0x10: [io  0x01f0-0x01f7]
[    5.434539] pci 0000:00:01.1: legacy IDE quirk: reg 0x14: [io  0x03f6]
[    5.445622] pci 0000:00:01.1: legacy IDE quirk: reg 0x18: [io  0x0170-0x0177]
[    5.461647] pci 0000:00:01.1: legacy IDE quirk: reg 0x1c: [io  0x0376]
[    5.497027] pci 0000:00:07.0: quirk: [io  0x4000-0x403f] claimed by PIIX4 ACPI
[    5.520442] pci 0000:00:07.0: quirk: [io  0x4100-0x410f] claimed by PIIX4 SMB
[    5.585611] ACPI: PCI Interrupt Link [LNKA] (IRQs 5 9 10 *11)
[    5.672122] ACPI: PCI Interrupt Link [LNKB] (IRQs 5 9 10 *11)
[    5.751769] ACPI: PCI Interrupt Link [LNKC] (IRQs 5 9 *10 11)
[    5.764593] ACPI: PCI Interrupt Link [LNKD] (IRQs 5 *9 10 11)
[    5.776620] ACPI: Enabled 2 GPEs in block 00 to 07
[    5.790416] vgaarb: setting as boot device: PCI:0000:00:02.0
[    5.800408] vgaarb: device added: PCI:0000:00:02.0,decodes=io+mem,owns=io+mem,locks=none
[    5.822093] vgaarb: loaded
[    5.827742] vgaarb: bridge control possible 0000:00:02.0
[    5.837572] SCSI subsystem initialized
[    5.842057] ACPI: bus type USB registered
[    5.847506] usbcore: registered new interface driver usbfs
[    5.860252] usbcore: registered new interface driver hub
[    5.867876] usbcore: registered new device driver usb
[    5.872434] PCI: Using ACPI for IRQ routing
[    5.879075] NetLabel: Initializing
[    5.889278] NetLabel:  domain hash size = 128
[    5.894863] NetLabel:  protocols = UNLABELED CIPSOv4
[    5.903071] NetLabel:  unlabeled traffic allowed by default
[    5.923965] amd_nb: Cannot enumerate AMD northbridges
[    5.987302] clocksource: Switched to clocksource kvm-clock
[    6.027412] AppArmor: AppArmor Filesystem Enabled
[    6.044529] pnp: PnP ACPI init
[    6.057947] pnp: PnP ACPI: found 3 devices
[    6.075550] clocksource: acpi_pm: mask: 0xffffff max_cycles: 0xffffff, max_idle_ns: 2085701024 ns
[    6.106757] NET: Registered protocol family 2
[    6.141695] TCP established hash table entries: 8192 (order: 4, 65536 bytes)
[    6.161788] TCP bind hash table entries: 8192 (order: 5, 131072 bytes)
[    6.180743] TCP: Hash tables configured (established 8192 bind 8192)
[    6.205763] UDP hash table entries: 512 (order: 2, 16384 bytes)
[    6.207538] UDP-Lite hash table entries: 512 (order: 2, 16384 bytes)
[    6.220319] NET: Registered protocol family 1
[    6.231901] pci 0000:00:00.0: Limiting direct PCI/PCI transfers
[    6.286750] pci 0000:00:01.0: Activating ISA DMA hang workarounds
[    6.296126] Trying to unpack rootfs image as initramfs...
[    8.859650] Freeing initrd memory: 10800K (ffff880036ad8000 - ffff880037564000)
[    9.053643] platform rtc_cmos: registered platform RTC device (no PNP device found)
[    9.183458] Scanning for low memory corruption every 60 seconds
[    9.279938] futex hash table entries: 512 (order: 3, 32768 bytes)
[    9.325657] audit: initializing netlink subsys (disabled)
[    9.343945] audit: type=2000 audit(1489718828.996:1): initialized
[    9.382234] Initialise system trusted keyring
[    9.418256] HugeTLB registered 2 MB page size, pre-allocated 0 pages
[    9.454702] zbud: loaded
[    9.457199] VFS: Disk quotas dquot_6.6.0
[    9.473022] VFS: Dquot-cache hash table entries: 512 (order 0, 4096 bytes)
[    9.498092] squashfs: version 4.0 (2009/01/31) Phillip Lougher
[    9.519837] fuse init (API version 7.23)
[    9.538291] Key type big_key registered
[    9.559470] Allocating IMA MOK and blacklist keyrings.
[    9.599956] Key type asymmetric registered
[    9.618233] Asymmetric key parser 'x509' registered
[    9.619748] Block layer SCSI generic (bsg) driver version 0.4 loaded (major 249)
[    9.639871] io scheduler noop registered
[    9.644428] io scheduler deadline registered (default)
[    9.665722] io scheduler cfq registered
[    9.669080] pci_hotplug: PCI Hot Plug PCI Core version: 0.5
[    9.677169] pciehp: PCI Express Hot Plug Controller Driver version: 0.4
[    9.683346] ACPI: AC Adapter [AC] (on-line)
[    9.692132] input: Power Button as /devices/LNXSYSTM:00/LNXPWRBN:00/input/input0
[    9.722509] ACPI: Power Button [PWRF]
[    9.729896] input: Sleep Button as /devices/LNXSYSTM:00/LNXSLPBN:00/input/input1
[    9.748685] ACPI: Sleep Button [SLPF]
[    9.768498] GHES: HEST is not enabled!
[    9.770212] ACPI: Battery Slot [BAT0] (battery present)
[    9.778712] Serial: 8250/16550 driver, 32 ports, IRQ sharing enabled
[    9.815476] 00:02: ttyS0 at I/O 0x3f8 (irq = 4, base_baud = 115200) is a 16550A
[    9.847293] Linux agpgart interface v0.103
[    9.871714] brd: module loaded
[    9.891952] loop: module loaded
[    9.895856] scsi host0: ata_piix
[    9.911616] scsi host1: ata_piix
[    9.962145] ata1: PATA max UDMA/33 cmd 0x1f0 ctl 0x3f6 bmdma 0xd000 irq 14
[   10.117564] ata2: PATA max UDMA/33 cmd 0x170 ctl 0x376 bmdma 0xd008 irq 15
[   10.161402] tsc: Refined TSC clocksource calibration: 1199.806 MHz
[   10.232439] clocksource: tsc: mask: 0xffffffffffffffff max_cycles: 0x114b646b117, max_idle_ns: 440795211060 ns
[   10.232649] libphy: Fixed MDIO Bus: probed
[   10.232653] tun: Universal TUN/TAP device driver, 1.6
[   10.232654] tun: (C) 1999-2004 Max Krasnyansky <maxk@qualcomm.com>
[   10.232724] PPP generic driver version 2.4.2
[   10.232810] ehci_hcd: USB 2.0 'Enhanced' Host Controller (EHCI) Driver
[   10.232821] ehci-pci: EHCI PCI platform driver
[   10.232895] ehci-platform: EHCI generic platform driver
[   10.232908] ohci_hcd: USB 1.1 'Open' Host Controller (OHCI) Driver
[   10.232915] ohci-pci: OHCI PCI platform driver
[   10.232926] ohci-platform: OHCI generic platform driver
[   10.232937] uhci_hcd: USB Universal Host Controller Interface driver
[   10.233016] i8042: PNP: PS/2 Controller [PNP0303:PS2K,PNP0f03:PS2M] at 0x60,0x64 irq 1,12
[   10.330848] serio: i8042 KBD port at 0x60,0x64 irq 1
[   10.330857] serio: i8042 AUX port at 0x60,0x64 irq 12
[   10.331068] mousedev: PS/2 mouse device common for all mice
[   10.332140] rtc_cmos rtc_cmos: rtc core: registered rtc_cmos as rtc0
[   10.332224] rtc_cmos rtc_cmos: alarms up to one day, 114 bytes nvram
[   10.332235] i2c /dev entries driver
[   10.332318] device-mapper: uevent: version 1.0.3
[   10.332398] device-mapper: ioctl: 4.34.0-ioctl (2015-10-28) initialised: dm-devel@redhat.com
[   10.332452] ledtrig-cpu: registered to indicate activity on CPUs
[   10.332841] NET: Registered protocol family 10
[   10.333030] NET: Registered protocol family 17
[   10.333045] Key type dns_resolver registered
[   10.407617] microcode: CPU0 sig=0x406e3, pf=0x2, revision=0x0
[   10.407645] microcode: CPU1 sig=0x406e3, pf=0x2, revision=0x0
[   10.407775] microcode: Microcode Update Driver: v2.01 <tigran@aivazian.fsnet.co.uk>, Peter Oruba
[   10.407958] registered taskstats version 1
[   10.407999] Loading compiled-in X.509 certificates
[   10.408996] Loaded X.509 cert 'Build time autogenerated kernel key: 32ca4feee90b5cde51f5f8c0e024b22f8c679982'
[   10.409024] zswap: loaded using pool lzo/zbud
[   10.410883] Key type trusted registered
[   10.415321] Key type encrypted registered
[   10.415328] AppArmor: AppArmor sha1 policy hashing enabled
[   10.415331] ima: No TPM chip found, activating TPM-bypass!
[   10.415350] evm: HMAC attrs: 0x1
[   10.415714]   Magic number: 9:702:763
[   10.415721] serio serio1: hash matches
[   10.444149] rtc_cmos rtc_cmos: setting system clock to 2017-03-17 02:47:10 UTC (1489718830)
[   10.444359] BIOS EDD facility v0.16 2004-Jun-25, 0 devices found
[   10.444359] EDD information not available.
[   10.688857] input: AT Translated Set 2 keyboard as /devices/platform/i8042/serio0/input/input2
[   11.314535] Freeing unused kernel memory: 1488K (ffffffff81f45000 - ffffffff820b9000)
[   11.326704] Write protecting the kernel read-only data: 14336k
[   11.390708] Freeing unused kernel memory: 1776K (ffff880001844000 - ffff880001a00000)
[   11.477490] Freeing unused kernel memory: 116K (ffff880001de3000 - ffff880001e00000)
Loading, please wait...
starting version[   11.551630] random: systemd-udevd: uninitialized urandom read (16 bytes read, 5 bits of entropy available)
 229
[   11.553137] random: udevadm: uninitialized urandom read (16 bytes read, 5 bits of entropy available)
[   11.553290] random: udevadm: uninitialized urandom read (16 bytes read, 5 bits of entropy available)
[   11.553484] random: udevadm: uninitialized urandom read (16 bytes read, 5 bits of entropy available)
[   11.553619] random: udevadm: uninitialized urandom read (16 bytes read, 5 bits of entropy available)
[   11.553697] random: udevadm: uninitialized urandom read (16 bytes read, 5 bits of entropy available)
[   11.553772] random: udevadm: uninitialized urandom read (16 bytes read, 5 bits of entropy available)
[   11.553839] random: udevadm: uninitialized urandom read (16 bytes read, 5 bits of entropy available)
[   11.553901] random: udevadm: uninitialized urandom read (16 bytes read, 5 bits of entropy available)
[   11.553976] random: udevadm: uninitialized urandom read (16 bytes read, 5 bits of entropy available)
[   12.409495] Fusion MPT base driver 3.04.20
[   12.455484] Copyright (c) 1999-2008 LSI Corporation
[   12.488056] e1000: Intel(R) PRO/1000 Network Driver - version 7.3.21-k8-NAPI
[   12.501649] e1000: Copyright (c) 1999-2006 Intel Corporation.
[   12.551699] AVX version of gcm_enc/dec engaged.
[   12.561731] AES CTR mode by8 optimization enabled
[   12.622419] Fusion MPT SPI Host driver 3.04.20
[   12.746082] input: ImExPS/2 Generic Explorer Mouse as /devices/platform/i8042/serio1/input/input4
[   13.189170] e1000 0000:00:03.0 eth0: (PCI:33MHz:32-bit) 02:0a:90:ed:0d:4f
[   13.234170] e1000 0000:00:03.0 eth0: Intel(R) PRO/1000 Network Connection
[   13.720401] e1000 0000:00:08.0 eth1: (PCI:33MHz:32-bit) 08:00:27:4a:01:51
[   13.722737] e1000 0000:00:08.0 eth1: Intel(R) PRO/1000 Network Connection
[   13.730583] e1000 0000:00:03.0 enp0s3: renamed from eth0
[   13.807077] mptbase: ioc0: Initiating bringup
[   13.815845] e1000 0000:00:08.0 enp0s8: renamed from eth1
[   13.899710] ioc0: LSI53C1030 A0: Capabilities={Initiator}
[   14.103003] scsi host2: ioc0: LSI53C1030 A0, FwRev=00000000h, Ports=1, MaxQ=256, IRQ=20
[   14.256359] scsi 2:0:0:0: Direct-Access     VBOX     HARDDISK         1.0  PQ: 0 ANSI: 5
[   14.341722] scsi target2:0:0: Beginning Domain Validation
[   14.399519] scsi target2:0:0: Domain Validation skipping write tests
[   14.412684] scsi target2:0:0: Ending Domain Validation
[   14.451057] scsi target2:0:0: asynchronous
[   14.478021] scsi 2:0:1:0: Direct-Access     VBOX     HARDDISK         1.0  PQ: 0 ANSI: 5
[   14.597107] scsi target2:0:1: Beginning Domain Validation
[   14.609958] scsi target2:0:1: Domain Validation skipping write tests
[   14.623576] scsi target2:0:1: Ending Domain Validation
[   14.642916] scsi target2:0:1: asynchronous
[   14.672412] sd 2:0:0:0: [sda] 20971520 512-byte logical blocks: (10.7 GB/10.0 GiB)
[   14.777308] sd 2:0:0:0: Attached scsi generic sg0 type 0
[   14.874784] sd 2:0:1:0: Attached scsi generic sg1 type 0
[   14.874835] sd 2:0:1:0: [sdb] 20480 512-byte logical blocks: (10.5 MB/10.0 MiB)
[   14.874886] sd 2:0:0:0: [sda] Write Protect is off
[   14.874958] sd 2:0:1:0: [sdb] Write Protect is off
[   14.874970] sd 2:0:0:0: [sda] Incomplete mode parameter data
[   14.874971] sd 2:0:0:0: [sda] Assuming drive cache: write through
[   14.875047] sd 2:0:1:0: [sdb] Incomplete mode parameter data
[   14.875048] sd 2:0:1:0: [sdb] Assuming drive cache: write through
[   14.946740]  sda: sda1
[   14.948049] sd 2:0:0:0: [sda] Attached SCSI disk
[   14.948182] sd 2:0:1:0: [sdb] Attached SCSI disk
[   15.555411] floppy0: no floppy controllers found
Begin: Loading essential drivers ... [   17.488537] md: linear personality registered for level -1
[   17.512062] md: multipath personality registered for level -4
[   17.534944] md: raid0 personality registered for level 0
[   17.547264] md: raid1 personality registered for level 1
[   17.631396] raid6: sse2x1   gen()  4075 MB/s
[   17.707514] raid6: sse2x1   xor()  3212 MB/s
[   17.795533] raid6: sse2x2   gen()  5667 MB/s
[   17.871452] raid6: sse2x2   xor()  3834 MB/s
[   17.939423] raid6: sse2x4   gen()  6883 MB/s
[   18.015544] raid6: sse2x4   xor()  4675 MB/s
[   18.027295] raid6: using algorithm sse2x4 gen() 6883 MB/s
[   18.029601] raid6: .... xor() 4675 MB/s, rmw enabled
[   18.031099] raid6: using ssse3x2 recovery algorithm
[   18.034603] xor: automatically using best checksumming function:
[   18.075331]    avx       : 14532.000 MB/sec
[   18.081106] async_tx: api initialized (async)
[   18.103257] md: raid6 personality registered for level 6
[   18.106990] md: raid5 personality registered for level 5
[   18.122272] md: raid4 personality registered for level 4
[   18.132065] md: raid10 personality registered for level 10
done.
Begin: Running /scripts/init-premount ... done.
Begin: Mounting root file system ... Begin: Running /scripts/local-top ... done.
Begin: Running /scripts/local-premount ... [   18.196884] Btrfs loaded
Scanning for Btrfs filesystems
done.
Warning: fsck not present, so skipping root file system
[   18.273391] EXT4-fs (sda1): mounted filesystem with ordered data mode. Opts: (null)
done.
Begin: Running /scripts/local-bottom ... done.
Begin: Running /scripts/init-bottom ... done.
[   18.470383] systemd[1]: systemd 229 running in system mode. (+PAM +AUDIT +SELINUX +IMA +APPARMOR +SMACK +SYSVINIT +UTMP +LIBCRYPTSETUP +GCRYPT +GNUTLS +ACL +XZ -LZ4 +SECCOMP +BLKID +ELFUTILS +KMOD -IDN)
[   18.485875] systemd[1]: Detected virtualization oracle.
[   18.489788] systemd[1]: Detected architecture x86-64.

Welcome to [1mUbuntu 16.04.2 LTS[0m!

[   18.516320] systemd[1]: Set hostname to <ubuntu>.
[   18.526386] systemd[1]: Initializing machine ID from random generator.
[   18.529731] systemd[1]: Installed transient /etc/machine-id file.
[   18.772180] systemd[1]: Listening on Journal Audit Socket.
[[0;32m  OK  [0m] Listening on Journal Audit Socket.
[   18.820805] systemd[1]: Listening on Journal Socket (/dev/log).
[[0;32m  OK  [0m] Listening on Journal Socket (/dev/log).
[   18.841959] systemd[1]: Listening on udev Kernel Socket.
[[0;32m  OK  [0m] Listening on udev Kernel Socket.
[   18.907994] systemd[1]: Set up automount Arbitrary Executable File Formats File System Automount Point.
[[0;32m  OK  [0m] Set up automount Arbitrary Executab...ats File System Automount Point.
[   18.964336] systemd[1]: Listening on Syslog Socket.
[[0;32m  OK  [0m] Listening on Syslog Socket.
[   18.998514] systemd[1]: Started Forward Password Requests to Wall Directory Watch.
[[0;32m  OK  [0m] Started Forward Password Requests to Wall Directory Watch.
[   19.041524] systemd[1]: Reached target Swap.
[[0;32m  OK  [0m] Reached target Swap.
[   19.048921] systemd[1]: Listening on Journal Socket.
[[0;32m  OK  [0m] Listening on Journal Socket.
[   19.056217] systemd[1]: Listening on Device-mapper event daemon FIFOs.
[[0;32m  OK  [0m] Listening on Device-mapper event daemon FIFOs.
[   19.080068] systemd[1]: Listening on /dev/initctl Compatibility Named Pipe.
[[0;32m  OK  [0m] Listening on /dev/initctl Compatibility Named Pipe.
[   19.102156] systemd[1]: Listening on LVM2 metadata daemon socket.
[[0;32m  OK  [0m] Listening on LVM2 metadata daemon socket.
[   19.106756] systemd[1]: Reached target User and Group Name Lookups.
[[0;32m  OK  [0m] Reached target User and Group Name Lookups.
[   19.112581] systemd[1]: Listening on LVM2 poll daemon socket.
[[0;32m  OK  [0m] Listening on LVM2 poll daemon socket.
[   19.117150] systemd[1]: Reached target Encrypted Volumes.
[[0;32m  OK  [0m] Reached target Encrypted Volumes.
[   19.144628] systemd[1]: Listening on udev Control Socket.
[[0;32m  OK  [0m] Listening on udev Control Socket.
[   19.161767] systemd[1]: Created slice User and Session Slice.
[[0;32m  OK  [0m] Created slice User and Session Slice.
[   19.167160] systemd[1]: Created slice System Slice.
[[0;32m  OK  [0m] Created slice System Slice.
[   19.195823] systemd[1]: Mounting Debug File System...
         Mounting Debug File System...
[   19.205401] systemd[1]: Mounting POSIX Message Queue File System...
         Mounting POSIX Message Queue File System...
[   19.220603] systemd[1]: Starting Nameserver information manager...
         Starting Nameserver information manager...
[   19.229226] systemd[1]: Starting Load Kernel Modules...
         Starting Load Kernel Modules...
[   19.243300] systemd[1]: Mounting Huge Pages File System...
         Mounting Huge Pages File System...
[   19.252867] Loading iSCSI transport class v2.0-870.
[   19.253850] systemd[1]: Starting Remount Root and Kernel File Systems...
[   19.259189] EXT4-fs (sda1): re-mounted. Opts: (null)
         Starting Remount[   19.447065] random: nonblocking pool is initialized
 Root and Kernel File Systems...[   19.538796] iscsi: registered transport (tcp)

[   19.647736] systemd[1]: Starting Create list of required static device nodes for the current kernel...
         Starting Create list of[   19.679694] iscsi: registered transport (iser)
 required st... nodes for the current kernel...
[   19.771680] systemd[1]: Starting Monitoring of LVM2 mirrors, snapshots etc. using dmeventd or progress polling...
         Starting Monitoring of LVM2 mirrors... dmeventd or progress polling...
[   19.908109] systemd[1]: Starting Journal Service...
         Starting Journal Service...
[   19.960145] systemd[1]: Starting Uncomplicated firewall...
         Starting Uncomplicated firewall...
[   20.020110] systemd[1]: Starting Set console keymap...
         Starting Set console keymap...
[   20.072351] systemd[1]: Created slice system-serial\x2dgetty.slice.
[[0;32m  OK  [0m] Created slice system-serial\x2dgetty.slice.
[   20.103598] systemd[1]: Reached target Slices.
[[0;32m  OK  [0m] Reached target Slices.
[   20.169046] systemd[1]: Mounted POSIX Message Queue File System.
[[0;32m  OK  [0m] Mounted POSIX Message Queue File System.
[   20.240019] systemd[1]: Mounted Debug File System.
[[0;32m  OK  [0m] Mounted Debug File System.
[   20.336121] systemd[1]: Mounted Huge Pages File System.
[[0;32m  OK  [0m] Mounted Huge Pages File System.
[   20.399875] systemd[1]: Started Journal Service.
[[0;32m  OK  [0m] Started Journal Service.
[[0;32m  OK  [0m] Started Load Kernel Modules.
[[0;32m  OK  [0m] Started Remount Root and Kernel File Systems.
[[0;32m  OK  [0m] Started Create list of required sta...ce nodes for the current kernel.
[[0;32m  OK  [0m] Started Uncomplicated firewall.
[[0;32m  OK  [0m] Started Set console keymap.
[[0;32m  OK  [0m] Started Nameserver information manager.
[[0;32m  OK  [0m] Started LVM2 metadata daemon.
         Starting Create Static Device Nodes in /dev...
         Starting udev Coldplug all Devices...
         Starting Load/Save Random Seed...
         Starting Initial cloud-init job (pre-networking)...
         Starting Apply Kernel Variables...
         Mounting FUSE Control File System...
         Starting Flush Journal to Persistent Storage...
[[0;32m  OK  [0m] Mounted FUSE Control File System.
[[0;32m  OK  [0m] Started Create Static Device Nodes in /dev.
[[0;32m  OK  [0m] Started Load/Save Random Seed.
[[0;32m  OK  [0m] Started Apply Kernel Variables.
[[0;32m  OK  [0m] Started udev Coldplug all Devices.
[[0;32m  OK  [0m] Started Monitoring of LVM2 mirrors,...ng dmeventd or progress polling.
[[0;32m  OK  [0m] Started Flush Journal to Persistent Storage.
         Starting udev Kernel Device Manager...
[[0;32m  OK  [0m] Started udev Kernel Device Manager.
[[0;32m  OK  [0m] Started Dispatch Password Requests to Console Directory Watch.
[[0;32m  OK  [0m] Reached target Local File Systems (Pre).
[[0;32m  OK  [0m] Reached target Local File Systems.
         Starting Set console font and keymap...
         Starting Tell Plymouth To Write Out Runtime Data...
         Starting Commit a transient machine-id on disk...
         Starting Create Volatile Files and Directories...
         Starting LSB: AppArmor initialization...
[[0;32m  OK  [0m] Started Tell Plymouth To Write Out Runtime Data.
[[0;32m  OK  [0m] Started Commit a transient machine-id on disk.
[[0;32m  OK  [0m] Started Create Volatile Files and Directories.
[[0;32m  OK  [0m] Found device /dev/ttyS0.
         Starting Update UTMP about System Boot/Shutdown...
[[0;32m  OK  [0m] Reached target System Time Synchronized.
[[0;32m  OK  [0m] Started Update UTMP about System Boot/Shutdown.
[[0;32m  OK  [0m] Listening on Load/Save RF Kill Switch Status /dev/rfkill Watch.
[[0;1;31mFAILED[0m] Failed to start Set console font and keymap.
See 'systemctl status console-setup.service' for details.
[[0;32m  OK  [0m] Created slice system-getty.slice.
[   17.865329] cloud-init[479]: Cloud-init v. 0.7.9 running 'init-local' at Fri, 17 Mar 2017 02:47:22 +0000. Up 17.00 seconds.
[[0;32m  OK  [0m] Started Initial cloud-init job (pre-networking).
[[0;32m  OK  [0m] Started LSB: AppArmor initialization.
[[0;32m  OK  [0m] Reached target Network (Pre).
         Starting Raise network interfaces...
[[0;32m  OK  [0m] Started Raise network interfaces.
         Starting Initial cloud-init job (metadata service crawler)...
[[0;32m  OK  [0m] Reached target Network.
[   20.837468] cloud-init[1024]: Cloud-init v. 0.7.9 running 'init' at Fri, 17 Mar 2017 02:47:25 +0000. Up 19.93 seconds.
[   20.904414] cloud-init[1024]: ci-info: +++++++++++++++++++++++++++++++++++++Net device info+++++++++++++++++++++++++++++++++++++
[   20.904790] cloud-init[1024]: ci-info: +--------+-------+--------------------------+---------------+-------+-------------------+
[   20.904883] cloud-init[1024]: ci-info: | Device |   Up  |         Address          |      Mask     | Scope |     Hw-Address    |
[   20.904971] cloud-init[1024]: ci-info: +--------+-------+--------------------------+---------------+-------+-------------------+
[   20.905056] cloud-init[1024]: ci-info: | enp0s8 | False |            .             |       .       |   .   | 08:00:27:4a:01:51 |
[   20.905188] cloud-init[1024]: ci-info: |   lo   |  True |        127.0.0.1         |   255.0.0.0   |   .   |         .         |
[   20.905319] cloud-init[1024]: ci-info: |   lo   |  True |         ::1/128          |       .       |  host |         .         |
[   20.905433] cloud-init[1024]: ci-info: | enp0s3 |  True |        10.0.2.15         | 255.255.255.0 |   .   | 02:0a:90:ed:0d:4f |
[   20.905547] cloud-init[1024]: ci-info: | enp0s3 |  True | fe80::a:90ff:feed:d4f/64 |       .       |  link | 02:0a:90:ed:0d:4f |
[   20.905792] cloud-init[1024]: ci-info: +--------+-------+--------------------------+---------------+-------+-------------------+
[   20.906485] cloud-init[1024]: ci-info: +++++++++++++++++++++++++++Route IPv4 info++++++++++++++++++++++++++++
[   20.907016] cloud-init[1024]: ci-info: +-------+-------------+----------+---------------+-----------+-------+
[   20.907155] cloud-init[1024]: ci-info: | Route | Destination | Gateway  |    Genmask    | Interface | Flags |
[   20.907258] cloud-init[1024]: ci-info: +-------+-------------+----------+---------------+-----------+-------+
[   20.907350] cloud-init[1024]: ci-info: |   0   |   0.0.0.0   | 10.0.2.2 |    0.0.0.0    |   enp0s3  |   UG  |
[   20.907430] cloud-init[1024]: ci-info: |   1   |   10.0.2.0  | 0.0.0.0  | 255.255.255.0 |   enp0s3  |   U   |
[   20.907550] cloud-init[1024]: ci-info: +-------+-------------+----------+---------------+-----------+-------+
[   20.907853] cloud-init[1024]: Generating public/private rsa key pair.
[[0;32m  OK  [0m] Started Initial cloud-init job (metadata service crawler).
[[0;32m  OK  [0m] Reached target Network is Online.
[   20.908337] cloud-init[1024]: Your identification has been saved in /etc/ssh/ssh_host_rsa_key.
[   21.767272] cloud-init[1024]: Your public key has been saved in /etc/ssh/ssh_host_rsa_key.pub.
[   21.775395] cloud-init[1024]: The key fingerprint is:
[   21.788585] cloud-init[1024]: SHA256:P4RejPT+9/nb5Fnse9NYlrjwzdoGeUujY/2uvHmVth0 root@ubuntu-xenial
[   21.789007] cloud-init[1024]: The key's randomart image is:
         Starting iSCSI initiator daemon (iscsid)...
[[   21.789235] cloud-init[1024]: +---[RSA 2048]----+
[   21.829131] cloud-init[1024]: |                 |
[   21.829306] cloud-init[1024]: |                 |
[   21.829548] cloud-init[1024]: |        .        |
[   21.829765] cloud-init[1024]: |       . =       |
[0;32m  OK  [0m] Reached target Cloud-config availability.
[[   21.830370] cloud-init[1024]: |        S =   o o|
[   21.997744] cloud-init[1024]: |       . = . + E+|
[0;32m  OK  [0m] Reached target System Initialization.
[[   21.997918] cloud-init[1024]: |        . + o @+%|
[   22.053508] cloud-init[1024]: |           o B+&X|
[   22.053689] cloud-init[1024]: |            ooO%/|
[   22.053913] cloud-init[1024]: +----[SHA256]-----+
[   22.054126] cloud-init[1024]: Generating public/private dsa key pair.
[0;32m  OK  [0m] Started Trigger resolvconf update for networkd DNS.
[[   22.054348] cloud-init[1024]: Your identification has been saved in /etc/ssh/ssh_host_dsa_key.
[   22.088760] cloud-init[1024]: Your public key has been saved in /etc/ssh/ssh_host_dsa_key.pub.
[0;32m  OK  [0m] Listening on ACPID Listen Socket.
[[   22.088940] cloud-init[1024]: The key fingerprint is:
[   22.209330] cloud-init[1024]: SHA256:m65x/nM+6WMtVcW9o97llZOHH9CeDRFh3Ut/dIhsxec root@ubuntu-xenial
[0;32m  OK  [0m[   22.209773] ] cloud-initListening on UUID daemon activation socket.[1024]: 
The key's randomart image is:
[[   22.209921] cloud-init[1024]: +---[DSA 1024]----+
[0;32m  OK  [0m] Started Daily Cleanup of Temporary Directories.
[   22.315978] cloud-init[1024]: |           . +=*o|
[   22.424941] cloud-init[1024]: |            +.+.X|
[   22.425496] cloud-init[1024]: |           .  o=*|
[   22.425734] cloud-init[1024]: |             ..=E|
[   22.425801] cloud-init[1024]: |        S     ++B|
[   22.425868] cloud-init[1024]: |         o   .oB=|
[   22.425935] cloud-init[1024]: |      . +   .+.o*|
         Starting Socket activation for snappy daemon.
[[   22.426005] cloud-init[1024]: |       =  . B...o|
[   22.657371] cloud-init[1024]: |      ..o..*o+   |
[0;32m  OK  [0m] Listening on D-Bus System Message Bus Socket.
[   22.657571] cloud-init[1024]: +----[SHA256]-----+
[   22.824455] cloud-init[1024]: Generating public/private ecdsa key pair.
[   22.824971] cloud-init[1024]: Your identification has been saved in /etc/ssh/ssh_host_ecdsa_key.
         Starting LXD - unix socket.
[   22.825191] cloud-init[1024]: Your public key has been saved in /etc/ssh/ssh_host_ecdsa_key.pub.
[   22.959255] cloud-init[1024]: The key fingerprint is:
[   22.959638] cloud-init[1024]: SHA256:IjiddekgBe/0Bo+n4lyMomy8xZg746mzJsCpUjGVu2g root@ubuntu-xenial
[[0;32m  OK  [0m] Started ACPI Events Check.
[   22.959870] cloud-init[1024]: The key's randomart image is:
[   23.043301] cloud-init[1024]: +---[ECDSA 256]---+
[[0;32m  OK  [0m] Reached target Paths.
[[   23.043595] cloud-init[1024]: |    .o.          |
[   23.161898] cloud-init[1024]: |    oo   .       |
[0;32m  OK  [0m] Started Timer to automatically refresh installed snaps.
[[   23.162099] cloud-init[1024]: |   ...* o        |
[   23.270144] cloud-init[1024]: |  oo.* O         |
[   23.270370] cloud-init[1024]: |. +++.+ S        |
[   23.270607] cloud-init[1024]: |.oE..+ =         |
[   23.270872] cloud-init[1024]: |+=.oo +          |
[   23.271115] cloud-init[1024]: |*B++ o           |
[   23.271370] cloud-init[1024]: |@O+ o            |
[0;32m  OK  [0m] Started Daily apt activities.
[[   23.271668] cloud-init[1024]: +----[SHA256]-----+
[   23.435226] cloud-init[1024]: Generating public/private ed25519 key pair.
[0;32m  OK  [0m] Reached target Timers.
[   23.435432] cloud-init[1024]: Your identification has been saved in /etc/ssh/ssh_host_ed25519_key.
[   23.642812] cloud-init[1024]: Your public key has been saved in /etc/ssh/ssh_host_ed25519_key.pub.
[   23.643242] cloud-init[1024]: The key fingerprint is:
[   23.643552] cloud-init[1024]: SHA256:wAo11r01cZVUGGh1hGP4nNE0rlVt1mw7zbtoIerxQMQ root@ubuntu-xenial
[[0;32m  OK  [0m] Listening on Socket activation for snappy daemon.
[   23.643653] cloud-init[1024]: The key's randomart image is:
[   23.701817] cloud-init[1024]: +--[ED25519 256]--+
[[0;32m  OK  [0m] Listening on LXD - unix socket.
[[   23.701987] cloud-init[1024]: |    +. .  ...*=%O|
[   23.737080] cloud-init[1024]: |   o o. o o.+ O.@|
[0;32m  OK  [0m] Started iSCSI initiator daemon (iscsid).
[   23.737247] cloud-init[1024]: |  .   o  E o + @o|
[   23.907207] cloud-init[1024]: |   . . .o     *oo|
         [   23.932744] Starting Login to default iSCSI targets...cloud-init
[1024]: |    .   S.   .  o|
[   23.977696] cloud-init[1024]: |        .  . . . |
[   23.978554] cloud-init[1024]: |         o. . o .|
[[0;32m  OK  [0m] Reached target Sockets.
[   23.978861] cloud-init[1024]: |         .+  o . |
[   24.036934] cloud-init[1024]: |        .. ..    |
[[0;32m  OK  [0m] Reached target Basic System.
[   24.037426] cloud-init[1024]: +----[SHA256]-----+
         Starting System Logging Service...
         Starting Pollinate to seed the pseudo random number generator...
         Starting /etc/rc.local Compatibility...
[[0;32m  OK  [0m] Started D-Bus System Message Bus.
         Starting LSB: Record successful boot for GRUB...
         Starting Accounts Service...
[[0;32m  OK  [0m] Started FUSE filesystem for LXC.
         Starting LXD - container startup/shutdown...
[[0;32m  OK  [0m] Started Deferred execution scheduler.
         Starting LSB: MD monitoring daemon...
         Starting Login Service...
[[0;32m  OK  [0m] Started ACPI event daemon.
         Starting Apply the settings specified in cloud-config...
[[0;32m  OK  [0m] Started Regular background program processing daemon.
[[0;32m  OK  [0m] Started Snappy daemon.
         Starting Auto import assertions from block devices...
[[0;32m  OK  [0m] Started System Logging Service.
[[0;32m  OK  [0m] Started /etc/rc.local Compatibility.
[[0;32m  OK  [0m] Started LXD - container startup/shutdown.
[[0;32m  OK  [0m] Started Auto import assertions from block devices.
[[0;32m  OK  [0m] Started Login to default iSCSI targets.
[[0;32m  OK  [0m] Started LSB: Record successful boot for GRUB.
[[0;32m  OK  [0m] Started LSB: MD monitoring daemon.
         Starting Authenticate and Authorize Users to Run Privileged Tasks...
[[0;32m  OK  [0m] Reached target Remote File Systems (Pre).
[[0;32m  OK  [0m] Reached target Remote File Systems.
         Starting LSB: Set the CPU Frequency Scaling governor to "ondemand"...
         Starting LSB: VirtualBox Linux Additions...
         Starting LSB: automatic crash report generation...
         Starting Permit User Sessions...
         Starting LSB: daemon to balance interrupts for SMP systems...
[[0;32m  OK  [0m] Started Permit User Sessions.
[[0;32m  OK  [0m] Started Login Service.
[[0;32m  OK  [0m] Started Authenticate and Authorize Users to Run Privileged Tasks.
[[0;32m  OK  [0m] Started Accounts Service.
[[0;32m  OK  [0m] Started LSB: Set the CPU Frequency Scaling governor to "ondemand".
         Starting Terminate Plymouth Boot Screen...
         Starting Hold until boot process finishes up...
[[0;32m  OK  [0m] Started LSB: VirtualBox Linux Additions.
[[0;32m  OK  [0m] Started LSB: automatic crash report generation.
[[0;32m  OK  [0m] Started LSB: daemon to balance interrupts for SMP systems.
[[0;32m  OK  [0m] Started Terminate Plymouth Boot Screen.
[[0;32m  OK  [0m] Started Hold until boot process finishes up.
         Starting Set console scheme...
[[0;32m  OK  [0m] Started Serial Getty on ttyS0.
[[0;32m  OK  [0m] Started Getty on tty1.
[[0;32m  OK  [0m] Reached target Login Prompts.
[[0;32m  OK  [0m] Started Set console scheme.
[[0;32m  OK  [0m] Started Pollinate to seed the pseudo random number generator.
         Starting OpenBSD Secure Shell server...
[[0;32m  OK  [0m] Started OpenBSD Secure Shell server.
[   25.834453] cloud-init[1204]: Generating locales (this might take a while)...
[[0;32m  OK  [0m] Reached target Multi-User System.
[[0;32m  OK  [0m] Reached target Graphical Interface.
         Starting Update UTMP about System Runlevel Changes...
[[0;32m  OK  [0m] Started Update UTMP about System Runlevel Changes.
[   27.717358] cloud-init[1204]:   en_US.UTF-8... done
[   27.740662] cloud-init[1204]: Generation complete.
         Stopping OpenBSD Secure Shell server...
[[0;32m  OK  [0m] Stopped OpenBSD Secure Shell server.
         Starting OpenBSD Secure Shell server...
[[0;32m  OK  [0m] Started OpenBSD Secure Shell server.
[[0;32m  OK  [0m] Created slice User Slice of ubuntu.
         Starting User Manager for UID 1000...
[[0;32m  OK  [0m] Started Session 1 of user ubuntu.
[[0;32m  OK  [0m] Started User Manager for UID 1000.
[   28.437347] cloud-init[1204]: Cloud-init v. 0.7.9 running 'modules:config' at Fri, 17 Mar 2017 02:47:31 +0000. Up 25.58 seconds.
[[0;32m  OK  [0m] Started Apply the settings specified in cloud-config.
         Starting Execute cloud user/final scripts...
ci-info: no authorized ssh keys fingerprints found for user ubuntu.
<14>Mar 17 02:47:35 ec2: 
<14>Mar 17 02:47:35 ec2: #############################################################
<14>Mar 17 02:47:35 ec2: -----BEGIN SSH HOST KEY FINGERPRINTS-----
<14>Mar 17 02:47:35 ec2: 1024 SHA256:m65x/nM+6WMtVcW9o97llZOHH9CeDRFh3Ut/dIhsxec root@ubuntu-xenial (DSA)
<14>Mar 17 02:47:35 ec2: 256 SHA256:IjiddekgBe/0Bo+n4lyMomy8xZg746mzJsCpUjGVu2g root@ubuntu-xenial (ECDSA)
<14>Mar 17 02:47:35 ec2: 256 SHA256:wAo11r01cZVUGGh1hGP4nNE0rlVt1mw7zbtoIerxQMQ root@ubuntu-xenial (ED25519)
<14>Mar 17 02:47:35 ec2: 2048 SHA256:P4RejPT+9/nb5Fnse9NYlrjwzdoGeUujY/2uvHmVth0 root@ubuntu-xenial (RSA)
<14>Mar 17 02:47:35 ec2: -----END SSH HOST KEY FINGERPRINTS-----
<14>Mar 17 02:47:35 ec2: #############################################################
-----BEGIN SSH HOST KEY KEYS-----
ecdsa-sha2-nistp256 AAAAE2VjZHNhLXNoYTItbmlzdHAyNTYAAAAIbmlzdHAyNTYAAABBBIMvU3Y8teHgemt9unMckoai+mX9YSu+TWIcu3SCnXT5hGh+V6gJ4DfjR592kZyDMh0MCiovBlBvyM+x6IrY6bY= root@ubuntu-xenial
ssh-ed25519 AAAAC3NzaC1lZDI1NTE5AAAAIF+NIIOopHAcm0x/niQdaXcG1aZABRcp/ufiFSx9IehT root@ubuntu-xenial
ssh-rsa AAAAB3NzaC1yc2EAAAADAQABAAABAQDFaIyGX0FD+qoSkSxhxZ9/EsHNYsXHHINRFY7Cco9JjsnDlJy6xKrCuIcpGCekSrOvqG2VA46ph1NQokT6RlvO1BUoU2OIon5T/mGJ09k8OBTTpcnB6DebxMk0/4ILx/GU63r5e617PuVsMgY0VDNv9W/9CXr8glLllQHYgSrIGCjtuaxz/sbdQ3ufFG5BqJwz1iY0BXYw/7LBzVoRkya9SOmsnFRGW3rY71gS5cLB5a/kxIvI50A3CyR/5POom87qZi5nDK6WuWeT/NWmp7/xUjbIUY5+AT1beX16/vgfLxjgTexUXxBJl0RUAb1LIcP6l5iZkk+WBvEsjZyiUH6T root@ubuntu-xenial
-----END SSH HOST KEY KEYS-----
[   29.807123] cloud-init[1461]: Cloud-init v. 0.7.9 running 'modules:final' at Fri, 17 Mar 2017 02:47:34 +0000. Up 29.31 seconds.
[   29.813079] cloud-init[1461]: ci-info: no authorized ssh keys fingerprints found for user ubuntu.
[   29.832695] cloud-init[1461]: Cloud-init v. 0.7.9 finished at Fri, 17 Mar 2017 02:47:35 +0000. Datasource DataSourceNoCloud [seed=/dev/sdb][dsmode=net].  Up 29.79 seconds
[[0;32m  OK  [0m] Started Execute cloud user/final scripts.
[[0;32m  OK  [0m] Reached target Cloud-init target.

Ubuntu 16.04.2 LTS ubuntu-xenial ttyS0

ubuntu-xenial login: 